SF:lib/flutter_responsive_flex_grid.dart
DA:9,1
DA:13,1
DA:15,1
DA:16,1
DA:20,1
DA:22,3
DA:23,2
DA:25,3
DA:26,1
DA:27,1
DA:28,1
DA:29,1
DA:30,1
DA:31,1
DA:32,2
DA:33,1
DA:34,1
DA:36,1
DA:38,3
DA:39,2
DA:41,4
DA:42,1
DA:43,1
DA:44,1
DA:46,1
DA:47,3
DA:48,1
DA:49,1
DA:51,3
DA:54,2
DA:55,3
DA:59,1
DA:77,1
DA:86,1
DA:88,1
DA:90,1
DA:91,2
DA:92,1
DA:93,2
DA:94,1
DA:95,2
DA:96,1
DA:97,2
DA:98,1
DA:99,2
DA:100,1
DA:101,2
DA:105,1
DA:106,1
DA:110,1
DA:111,1
DA:116,1
DA:118,2
DA:122,1
DA:124,1
DA:125,1
DA:127,1
DA:129,2
DA:131,2
DA:133,2
DA:135,2
DA:141,1
DA:144,1
DA:145,1
DA:147,2
DA:148,2
DA:149,2
DA:150,1
DA:152,1
DA:153,1
DA:154,2
DA:157,1
LF:72
LH:72
end_of_record
